Determining if the function strlcat exists failed with the following output:
Change Dir: /home/jackson/CLionProjects/untitled1/extern/libressl/build/CMakeFiles/CMakeTmp

Run Build Command(s):/usr/bin/make cmTC_45086/fast && /usr/bin/make  -f CMakeFiles/cmTC_45086.dir/build.make CMakeFiles/cmTC_45086.dir/build
make[1]: Entering directory '/home/jackson/CLionProjects/untitled1/extern/libressl/build/CMakeFiles/CMakeTmp'
Building C object CMakeFiles/cmTC_45086.dir/CheckFunctionExists.c.o
/usr/bin/cc   -O2 -Wall -DCHECK_FUNCTION_EXISTS=strlcat -fPIE   -o CMakeFiles/cmTC_45086.dir/CheckFunctionExists.c.o   -c /home/jackson/CLionProjects/untitled1/extern/cmake/share/cmake-3.17/Modules/CheckFunctionExists.c
Linking C executable cmTC_45086
/home/jackson/CLionProjects/untitled1/extern/cmake/bin/cmake -E cmake_link_script CMakeFiles/cmTC_45086.dir/link.txt --verbose=1
/usr/bin/cc  -O2 -Wall -DCHECK_FUNCTION_EXISTS=strlcat    -rdynamic CMakeFiles/cmTC_45086.dir/CheckFunctionExists.c.o  -o cmTC_45086 
CMakeFiles/cmTC_45086.dir/CheckFunctionExists.c.o: In function `main':
CheckFunctionExists.c:(.text.startup+0xc): undefined reference to `strlcat'
collect2: error: ld returned 1 exit status
CMakeFiles/cmTC_45086.dir/build.make:106: recipe for target 'cmTC_45086' failed
make[1]: *** [cmTC_45086] Error 1
make[1]: Leaving directory '/home/jackson/CLionProjects/untitled1/extern/libressl/build/CMakeFiles/CMakeTmp'
Makefile:141: recipe for target 'cmTC_45086/fast' failed
make: *** [cmTC_45086/fast] Error 2



Determining if the function strlcpy exists failed with the following output:
Change Dir: /home/jackson/CLionProjects/untitled1/extern/libressl/build/CMakeFiles/CMakeTmp

Run Build Command(s):/usr/bin/make cmTC_6618e/fast && /usr/bin/make  -f CMakeFiles/cmTC_6618e.dir/build.make CMakeFiles/cmTC_6618e.dir/build
make[1]: Entering directory '/home/jackson/CLionProjects/untitled1/extern/libressl/build/CMakeFiles/CMakeTmp'
Building C object CMakeFiles/cmTC_6618e.dir/CheckFunctionExists.c.o
/usr/bin/cc   -O2 -Wall -DCHECK_FUNCTION_EXISTS=strlcpy -fPIE   -o CMakeFiles/cmTC_6618e.dir/CheckFunctionExists.c.o   -c /home/jackson/CLionProjects/untitled1/extern/cmake/share/cmake-3.17/Modules/CheckFunctionExists.c
Linking C executable cmTC_6618e
/home/jackson/CLionProjects/untitled1/extern/cmake/bin/cmake -E cmake_link_script CMakeFiles/cmTC_6618e.dir/link.txt --verbose=1
/usr/bin/cc  -O2 -Wall -DCHECK_FUNCTION_EXISTS=strlcpy    -rdynamic CMakeFiles/cmTC_6618e.dir/CheckFunctionExists.c.o  -o cmTC_6618e 
CMakeFiles/cmTC_6618e.dir/CheckFunctionExists.c.o: In function `main':
CheckFunctionExists.c:(.text.startup+0xc): undefined reference to `strlcpy'
collect2: error: ld returned 1 exit status
CMakeFiles/cmTC_6618e.dir/build.make:106: recipe for target 'cmTC_6618e' failed
make[1]: *** [cmTC_6618e] Error 1
make[1]: Leaving directory '/home/jackson/CLionProjects/untitled1/extern/libressl/build/CMakeFiles/CMakeTmp'
Makefile:141: recipe for target 'cmTC_6618e/fast' failed
make: *** [cmTC_6618e/fast] Error 2



Determining if the function arc4random_buf exists failed with the following output:
Change Dir: /home/jackson/CLionProjects/untitled1/extern/libressl/build/CMakeFiles/CMakeTmp

Run Build Command(s):/usr/bin/make cmTC_65999/fast && /usr/bin/make  -f CMakeFiles/cmTC_65999.dir/build.make CMakeFiles/cmTC_65999.dir/build
make[1]: Entering directory '/home/jackson/CLionProjects/untitled1/extern/libressl/build/CMakeFiles/CMakeTmp'
Building C object CMakeFiles/cmTC_65999.dir/CheckFunctionExists.c.o
/usr/bin/cc   -O2 -Wall -DCHECK_FUNCTION_EXISTS=arc4random_buf -fPIE   -o CMakeFiles/cmTC_65999.dir/CheckFunctionExists.c.o   -c /home/jackson/CLionProjects/untitled1/extern/cmake/share/cmake-3.17/Modules/CheckFunctionExists.c
Linking C executable cmTC_65999
/home/jackson/CLionProjects/untitled1/extern/cmake/bin/cmake -E cmake_link_script CMakeFiles/cmTC_65999.dir/link.txt --verbose=1
/usr/bin/cc  -O2 -Wall -DCHECK_FUNCTION_EXISTS=arc4random_buf    -rdynamic CMakeFiles/cmTC_65999.dir/CheckFunctionExists.c.o  -o cmTC_65999 
CMakeFiles/cmTC_65999.dir/CheckFunctionExists.c.o: In function `main':
CheckFunctionExists.c:(.text.startup+0xc): undefined reference to `arc4random_buf'
collect2: error: ld returned 1 exit status
CMakeFiles/cmTC_65999.dir/build.make:106: recipe for target 'cmTC_65999' failed
make[1]: *** [cmTC_65999] Error 1
make[1]: Leaving directory '/home/jackson/CLionProjects/untitled1/extern/libressl/build/CMakeFiles/CMakeTmp'
Makefile:141: recipe for target 'cmTC_65999/fast' failed
make: *** [cmTC_65999/fast] Error 2



Determining if the function arc4random_uniform exists failed with the following output:
Change Dir: /home/jackson/CLionProjects/untitled1/extern/libressl/build/CMakeFiles/CMakeTmp

Run Build Command(s):/usr/bin/make cmTC_484c2/fast && /usr/bin/make  -f CMakeFiles/cmTC_484c2.dir/build.make CMakeFiles/cmTC_484c2.dir/build
make[1]: Entering directory '/home/jackson/CLionProjects/untitled1/extern/libressl/build/CMakeFiles/CMakeTmp'
Building C object CMakeFiles/cmTC_484c2.dir/CheckFunctionExists.c.o
/usr/bin/cc   -O2 -Wall -DCHECK_FUNCTION_EXISTS=arc4random_uniform -fPIE   -o CMakeFiles/cmTC_484c2.dir/CheckFunctionExists.c.o   -c /home/jackson/CLionProjects/untitled1/extern/cmake/share/cmake-3.17/Modules/CheckFunctionExists.c
Linking C executable cmTC_484c2
/home/jackson/CLionProjects/untitled1/extern/cmake/bin/cmake -E cmake_link_script CMakeFiles/cmTC_484c2.dir/link.txt --verbose=1
/usr/bin/cc  -O2 -Wall -DCHECK_FUNCTION_EXISTS=arc4random_uniform    -rdynamic CMakeFiles/cmTC_484c2.dir/CheckFunctionExists.c.o  -o cmTC_484c2 
CMakeFiles/cmTC_484c2.dir/CheckFunctionExists.c.o: In function `main':
CheckFunctionExists.c:(.text.startup+0xc): undefined reference to `arc4random_uniform'
collect2: error: ld returned 1 exit status
CMakeFiles/cmTC_484c2.dir/build.make:106: recipe for target 'cmTC_484c2' failed
make[1]: *** [cmTC_484c2] Error 1
make[1]: Leaving directory '/home/jackson/CLionProjects/untitled1/extern/libressl/build/CMakeFiles/CMakeTmp'
Makefile:141: recipe for target 'cmTC_484c2/fast' failed
make: *** [cmTC_484c2/fast] Error 2



Determining if the function getprogname exists failed with the following output:
Change Dir: /home/jackson/CLionProjects/untitled1/extern/libressl/build/CMakeFiles/CMakeTmp

Run Build Command(s):/usr/bin/make cmTC_d9081/fast && /usr/bin/make  -f CMakeFiles/cmTC_d9081.dir/build.make CMakeFiles/cmTC_d9081.dir/build
make[1]: Entering directory '/home/jackson/CLionProjects/untitled1/extern/libressl/build/CMakeFiles/CMakeTmp'
Building C object CMakeFiles/cmTC_d9081.dir/CheckFunctionExists.c.o
/usr/bin/cc   -O2 -Wall -DCHECK_FUNCTION_EXISTS=getprogname -fPIE   -o CMakeFiles/cmTC_d9081.dir/CheckFunctionExists.c.o   -c /home/jackson/CLionProjects/untitled1/extern/cmake/share/cmake-3.17/Modules/CheckFunctionExists.c
Linking C executable cmTC_d9081
/home/jackson/CLionProjects/untitled1/extern/cmake/bin/cmake -E cmake_link_script CMakeFiles/cmTC_d9081.dir/link.txt --verbose=1
/usr/bin/cc  -O2 -Wall -DCHECK_FUNCTION_EXISTS=getprogname    -rdynamic CMakeFiles/cmTC_d9081.dir/CheckFunctionExists.c.o  -o cmTC_d9081 
CMakeFiles/cmTC_d9081.dir/CheckFunctionExists.c.o: In function `main':
CheckFunctionExists.c:(.text.startup+0xc): undefined reference to `getprogname'
collect2: error: ld returned 1 exit status
CMakeFiles/cmTC_d9081.dir/build.make:106: recipe for target 'cmTC_d9081' failed
make[1]: *** [cmTC_d9081] Error 1
make[1]: Leaving directory '/home/jackson/CLionProjects/untitled1/extern/libressl/build/CMakeFiles/CMakeTmp'
Makefile:141: recipe for target 'cmTC_d9081/fast' failed
make: *** [cmTC_d9081/fast] Error 2



Determining if the function syslog_r exists failed with the following output:
Change Dir: /home/jackson/CLionProjects/untitled1/extern/libressl/build/CMakeFiles/CMakeTmp

Run Build Command(s):/usr/bin/make cmTC_3e946/fast && /usr/bin/make  -f CMakeFiles/cmTC_3e946.dir/build.make CMakeFiles/cmTC_3e946.dir/build
make[1]: Entering directory '/home/jackson/CLionProjects/untitled1/extern/libressl/build/CMakeFiles/CMakeTmp'
Building C object CMakeFiles/cmTC_3e946.dir/CheckFunctionExists.c.o
/usr/bin/cc   -O2 -Wall -DCHECK_FUNCTION_EXISTS=syslog_r -fPIE   -o CMakeFiles/cmTC_3e946.dir/CheckFunctionExists.c.o   -c /home/jackson/CLionProjects/untitled1/extern/cmake/share/cmake-3.17/Modules/CheckFunctionExists.c
Linking C executable cmTC_3e946
/home/jackson/CLionProjects/untitled1/extern/cmake/bin/cmake -E cmake_link_script CMakeFiles/cmTC_3e946.dir/link.txt --verbose=1
/usr/bin/cc  -O2 -Wall -DCHECK_FUNCTION_EXISTS=syslog_r    -rdynamic CMakeFiles/cmTC_3e946.dir/CheckFunctionExists.c.o  -o cmTC_3e946 
CMakeFiles/cmTC_3e946.dir/CheckFunctionExists.c.o: In function `main':
CheckFunctionExists.c:(.text.startup+0xc): undefined reference to `syslog_r'
collect2: error: ld returned 1 exit status
CMakeFiles/cmTC_3e946.dir/build.make:106: recipe for target 'cmTC_3e946' failed
make[1]: *** [cmTC_3e946] Error 1
make[1]: Leaving directory '/home/jackson/CLionProjects/untitled1/extern/libressl/build/CMakeFiles/CMakeTmp'
Makefile:141: recipe for target 'cmTC_3e946/fast' failed
make: *** [cmTC_3e946/fast] Error 2



Determining if the timespecsub exist failed with the following output:
Change Dir: /home/jackson/CLionProjects/untitled1/extern/libressl/build/CMakeFiles/CMakeTmp

Run Build Command(s):/usr/bin/make cmTC_32869/fast && /usr/bin/make  -f CMakeFiles/cmTC_32869.dir/build.make CMakeFiles/cmTC_32869.dir/build
make[1]: Entering directory '/home/jackson/CLionProjects/untitled1/extern/libressl/build/CMakeFiles/CMakeTmp'
Building C object CMakeFiles/cmTC_32869.dir/CheckSymbolExists.c.o
/usr/bin/cc   -O2 -Wall  -fPIE   -o CMakeFiles/cmTC_32869.dir/CheckSymbolExists.c.o   -c /home/jackson/CLionProjects/untitled1/extern/libressl/build/CMakeFiles/CMakeTmp/CheckSymbolExists.c
/home/jackson/CLionProjects/untitled1/extern/libressl/build/CMakeFiles/CMakeTmp/CheckSymbolExists.c: In function ‘main’:
/home/jackson/CLionProjects/untitled1/extern/libressl/build/CMakeFiles/CMakeTmp/CheckSymbolExists.c:8:19: error: ‘timespecsub’ undeclared (first use in this function); did you mean ‘timespec’?
   return ((int*)(&timespecsub))[argc];
                   ^~~~~~~~~~~
                   timespec
/home/jackson/CLionProjects/untitled1/extern/libressl/build/CMakeFiles/CMakeTmp/CheckSymbolExists.c:8:19: note: each undeclared identifier is reported only once for each function it appears in
CMakeFiles/cmTC_32869.dir/build.make:85: recipe for target 'CMakeFiles/cmTC_32869.dir/CheckSymbolExists.c.o' failed
make[1]: *** [CMakeFiles/cmTC_32869.dir/CheckSymbolExists.c.o] Error 1
make[1]: Leaving directory '/home/jackson/CLionProjects/untitled1/extern/libressl/build/CMakeFiles/CMakeTmp'
Makefile:141: recipe for target 'cmTC_32869/fast' failed
make: *** [cmTC_32869/fast] Error 2


File /home/jackson/CLionProjects/untitled1/extern/libressl/build/CMakeFiles/CMakeTmp/CheckSymbolExists.c:
/* */
#include <sys/time.h>

int main(int argc, char** argv)
{
  (void)argv;
#ifndef timespecsub
  return ((int*)(&timespecsub))[argc];
#else
  (void)argc;
  return 0;
#endif
}
Determining if the function timingsafe_bcmp exists failed with the following output:
Change Dir: /home/jackson/CLionProjects/untitled1/extern/libressl/build/CMakeFiles/CMakeTmp

Run Build Command(s):/usr/bin/make cmTC_90599/fast && /usr/bin/make  -f CMakeFiles/cmTC_90599.dir/build.make CMakeFiles/cmTC_90599.dir/build
make[1]: Entering directory '/home/jackson/CLionProjects/untitled1/extern/libressl/build/CMakeFiles/CMakeTmp'
Building C object CMakeFiles/cmTC_90599.dir/CheckFunctionExists.c.o
/usr/bin/cc   -O2 -Wall -DCHECK_FUNCTION_EXISTS=timingsafe_bcmp -fPIE   -o CMakeFiles/cmTC_90599.dir/CheckFunctionExists.c.o   -c /home/jackson/CLionProjects/untitled1/extern/cmake/share/cmake-3.17/Modules/CheckFunctionExists.c
Linking C executable cmTC_90599
/home/jackson/CLionProjects/untitled1/extern/cmake/bin/cmake -E cmake_link_script CMakeFiles/cmTC_90599.dir/link.txt --verbose=1
/usr/bin/cc  -O2 -Wall -DCHECK_FUNCTION_EXISTS=timingsafe_bcmp    -rdynamic CMakeFiles/cmTC_90599.dir/CheckFunctionExists.c.o  -o cmTC_90599 
CMakeFiles/cmTC_90599.dir/CheckFunctionExists.c.o: In function `main':
CheckFunctionExists.c:(.text.startup+0xc): undefined reference to `timingsafe_bcmp'
collect2: error: ld returned 1 exit status
CMakeFiles/cmTC_90599.dir/build.make:106: recipe for target 'cmTC_90599' failed
make[1]: *** [cmTC_90599] Error 1
make[1]: Leaving directory '/home/jackson/CLionProjects/untitled1/extern/libressl/build/CMakeFiles/CMakeTmp'
Makefile:141: recipe for target 'cmTC_90599/fast' failed
make: *** [cmTC_90599/fast] Error 2



Determining if the function timingsafe_memcmp exists failed with the following output:
Change Dir: /home/jackson/CLionProjects/untitled1/extern/libressl/build/CMakeFiles/CMakeTmp

Run Build Command(s):/usr/bin/make cmTC_67d35/fast && /usr/bin/make  -f CMakeFiles/cmTC_67d35.dir/build.make CMakeFiles/cmTC_67d35.dir/build
make[1]: Entering directory '/home/jackson/CLionProjects/untitled1/extern/libressl/build/CMakeFiles/CMakeTmp'
Building C object CMakeFiles/cmTC_67d35.dir/CheckFunctionExists.c.o
/usr/bin/cc   -O2 -Wall -DCHECK_FUNCTION_EXISTS=timingsafe_memcmp -fPIE   -o CMakeFiles/cmTC_67d35.dir/CheckFunctionExists.c.o   -c /home/jackson/CLionProjects/untitled1/extern/cmake/share/cmake-3.17/Modules/CheckFunctionExists.c
Linking C executable cmTC_67d35
/home/jackson/CLionProjects/untitled1/extern/cmake/bin/cmake -E cmake_link_script CMakeFiles/cmTC_67d35.dir/link.txt --verbose=1
/usr/bin/cc  -O2 -Wall -DCHECK_FUNCTION_EXISTS=timingsafe_memcmp    -rdynamic CMakeFiles/cmTC_67d35.dir/CheckFunctionExists.c.o  -o cmTC_67d35 
CMakeFiles/cmTC_67d35.dir/CheckFunctionExists.c.o: In function `main':
CheckFunctionExists.c:(.text.startup+0xc): undefined reference to `timingsafe_memcmp'
collect2: error: ld returned 1 exit status
CMakeFiles/cmTC_67d35.dir/build.make:106: recipe for target 'cmTC_67d35' failed
make[1]: *** [cmTC_67d35] Error 1
make[1]: Leaving directory '/home/jackson/CLionProjects/untitled1/extern/libressl/build/CMakeFiles/CMakeTmp'
Makefile:141: recipe for target 'cmTC_67d35/fast' failed
make: *** [cmTC_67d35/fast] Error 2



Determining if the function strtonum exists failed with the following output:
Change Dir: /home/jackson/CLionProjects/untitled1/extern/libressl/build/CMakeFiles/CMakeTmp

Run Build Command(s):/usr/bin/make cmTC_88a17/fast && /usr/bin/make  -f CMakeFiles/cmTC_88a17.dir/build.make CMakeFiles/cmTC_88a17.dir/build
make[1]: Entering directory '/home/jackson/CLionProjects/untitled1/extern/libressl/build/CMakeFiles/CMakeTmp'
Building C object CMakeFiles/cmTC_88a17.dir/CheckFunctionExists.c.o
/usr/bin/cc   -O2 -Wall -DCHECK_FUNCTION_EXISTS=strtonum -fPIE   -o CMakeFiles/cmTC_88a17.dir/CheckFunctionExists.c.o   -c /home/jackson/CLionProjects/untitled1/extern/cmake/share/cmake-3.17/Modules/CheckFunctionExists.c
Linking C executable cmTC_88a17
/home/jackson/CLionProjects/untitled1/extern/cmake/bin/cmake -E cmake_link_script CMakeFiles/cmTC_88a17.dir/link.txt --verbose=1
/usr/bin/cc  -O2 -Wall -DCHECK_FUNCTION_EXISTS=strtonum    -rdynamic CMakeFiles/cmTC_88a17.dir/CheckFunctionExists.c.o  -o cmTC_88a17 
CMakeFiles/cmTC_88a17.dir/CheckFunctionExists.c.o: In function `main':
CheckFunctionExists.c:(.text.startup+0xc): undefined reference to `strtonum'
collect2: error: ld returned 1 exit status
CMakeFiles/cmTC_88a17.dir/build.make:106: recipe for target 'cmTC_88a17' failed
make[1]: *** [cmTC_88a17] Error 1
make[1]: Leaving directory '/home/jackson/CLionProjects/untitled1/extern/libressl/build/CMakeFiles/CMakeTmp'
Makefile:141: recipe for target 'cmTC_88a17/fast' failed
make: *** [cmTC_88a17/fast] Error 2



Determining if the function b64_ntop exists failed with the following output:
Change Dir: /home/jackson/CLionProjects/untitled1/extern/libressl/build/CMakeFiles/CMakeTmp

Run Build Command(s):/usr/bin/make cmTC_707cd/fast && /usr/bin/make  -f CMakeFiles/cmTC_707cd.dir/build.make CMakeFiles/cmTC_707cd.dir/build
make[1]: Entering directory '/home/jackson/CLionProjects/untitled1/extern/libressl/build/CMakeFiles/CMakeTmp'
Building C object CMakeFiles/cmTC_707cd.dir/CheckFunctionExists.c.o
/usr/bin/cc   -O2 -Wall -DCHECK_FUNCTION_EXISTS=b64_ntop -fPIE   -o CMakeFiles/cmTC_707cd.dir/CheckFunctionExists.c.o   -c /home/jackson/CLionProjects/untitled1/extern/cmake/share/cmake-3.17/Modules/CheckFunctionExists.c
Linking C executable cmTC_707cd
/home/jackson/CLionProjects/untitled1/extern/cmake/bin/cmake -E cmake_link_script CMakeFiles/cmTC_707cd.dir/link.txt --verbose=1
/usr/bin/cc  -O2 -Wall -DCHECK_FUNCTION_EXISTS=b64_ntop    -rdynamic CMakeFiles/cmTC_707cd.dir/CheckFunctionExists.c.o  -o cmTC_707cd 
CMakeFiles/cmTC_707cd.dir/CheckFunctionExists.c.o: In function `main':
CheckFunctionExists.c:(.text.startup+0xc): undefined reference to `b64_ntop'
collect2: error: ld returned 1 exit status
CMakeFiles/cmTC_707cd.dir/build.make:106: recipe for target 'cmTC_707cd' failed
make[1]: *** [cmTC_707cd] Error 1
make[1]: Leaving directory '/home/jackson/CLionProjects/untitled1/extern/libressl/build/CMakeFiles/CMakeTmp'
Makefile:141: recipe for target 'cmTC_707cd/fast' failed
make: *** [cmTC_707cd/fast] Error 2



Determining if the function readpassphrase exists failed with the following output:
Change Dir: /home/jackson/CLionProjects/untitled1/extern/libressl/build/CMakeFiles/CMakeTmp

Run Build Command(s):/usr/bin/make cmTC_f84ef/fast && /usr/bin/make  -f CMakeFiles/cmTC_f84ef.dir/build.make CMakeFiles/cmTC_f84ef.dir/build
make[1]: Entering directory '/home/jackson/CLionProjects/untitled1/extern/libressl/build/CMakeFiles/CMakeTmp'
Building C object CMakeFiles/cmTC_f84ef.dir/CheckFunctionExists.c.o
/usr/bin/cc   -O2 -Wall -DCHECK_FUNCTION_EXISTS=readpassphrase -fPIE   -o CMakeFiles/cmTC_f84ef.dir/CheckFunctionExists.c.o   -c /home/jackson/CLionProjects/untitled1/extern/cmake/share/cmake-3.17/Modules/CheckFunctionExists.c
Linking C executable cmTC_f84ef
/home/jackson/CLionProjects/untitled1/extern/cmake/bin/cmake -E cmake_link_script CMakeFiles/cmTC_f84ef.dir/link.txt --verbose=1
/usr/bin/cc  -O2 -Wall -DCHECK_FUNCTION_EXISTS=readpassphrase    -rdynamic CMakeFiles/cmTC_f84ef.dir/CheckFunctionExists.c.o  -o cmTC_f84ef 
CMakeFiles/cmTC_f84ef.dir/CheckFunctionExists.c.o: In function `main':
CheckFunctionExists.c:(.text.startup+0xc): undefined reference to `readpassphrase'
collect2: error: ld returned 1 exit status
CMakeFiles/cmTC_f84ef.dir/build.make:106: recipe for target 'cmTC_f84ef' failed
make[1]: *** [cmTC_f84ef] Error 1
make[1]: Leaving directory '/home/jackson/CLionProjects/untitled1/extern/libressl/build/CMakeFiles/CMakeTmp'
Makefile:141: recipe for target 'cmTC_f84ef/fast' failed
make: *** [cmTC_f84ef/fast] Error 2



